Added Component: Designator=C31(T491C)
Add component (AddParameter): Name = "Arrow Part Number"; Value = "T491C106K016AT7280"; VariantName = "[No Variations]"
Add component (AddParameter): Name = "Arrow Price/Stock"; Value = "https://www.arrow.com/en/products/t491c106k016at7280/kemet-corporation?region=nac"; VariantName = "[No Variations]"
Add component (AddParameter): Name = "Datasheet Link"; Value = "https://content.kemet.com/datasheets/KEM_T2005_T491.pdf"; VariantName = "[No Variations]"
Add component (AddParameter): Name = "Height"; Value = "2.8mm"; VariantName = "[No Variations]"
Add component (AddParameter): Name = "Manufacturer_Name"; Value = "KEMET"; VariantName = "[No Variations]"
Add component (AddParameter): Name = "Manufacturer_Part_Number"; Value = "T491C106K016AT7280"; VariantName = "[No Variations]"
Add component (AddParameter): Name = "Mouser Part Number"; Value = "80-T491C106K0167280"; VariantName = "[No Variations]"
Add component (AddParameter): Name = "Mouser Price/Stock"; Value = "https://www.mouser.co.uk/ProductDetail/KEMET/T491C106K016AT7280?qs=dl6palF0VAcTDrAmOIvJow%3D%3D"; VariantName = "[No Variations]"
Add component (AddParameter): Name = "Mouser Testing Part Number"; Value = ""; VariantName = "[No Variations]"
Add component (AddParameter): Name = "Mouser Testing Price/Stock"; Value = ""; VariantName = "[No Variations]"
Added Component: Designator=C35(T491C)
Add component (AddParameter): Name = "Arrow Part Number"; Value = "T491C106K016AT7280"; VariantName = "[No Variations]"
Add component (AddParameter): Name = "Arrow Price/Stock"; Value = "https://www.arrow.com/en/products/t491c106k016at7280/kemet-corporation?region=nac"; VariantName = "[No Variations]"
Add component (AddParameter): Name = "Datasheet Link"; Value = "https://content.kemet.com/datasheets/KEM_T2005_T491.pdf"; VariantName = "[No Variations]"
Add component (AddParameter): Name = "Height"; Value = "2.8mm"; VariantName = "[No Variations]"
Add component (AddParameter): Name = "Manufacturer_Name"; Value = "KEMET"; VariantName = "[No Variations]"
Add component (AddParameter): Name = "Manufacturer_Part_Number"; Value = "T491C106K016AT7280"; VariantName = "[No Variations]"
Add component (AddParameter): Name = "Mouser Part Number"; Value = "80-T491C106K0167280"; VariantName = "[No Variations]"
Add component (AddParameter): Name = "Mouser Price/Stock"; Value = "https://www.mouser.co.uk/ProductDetail/KEMET/T491C106K016AT7280?qs=dl6palF0VAcTDrAmOIvJow%3D%3D"; VariantName = "[No Variations]"
Add component (AddParameter): Name = "Mouser Testing Part Number"; Value = ""; VariantName = "[No Variations]"
Add component (AddParameter): Name = "Mouser Testing Price/Stock"; Value = ""; VariantName = "[No Variations]"
Added Pin To Net: NetName=NetC31_1 Pin=C31-1
Added Pin To Net: NetName=PGND1 Pin=C31-2
Added Pin To Net: NetName=NetC35_1 Pin=C35-1
Added Pin To Net: NetName=PGND1 Pin=C35-2
Added Member To Class: ClassName=Power_board_1 Member=Component C31 10uF
Added Member To Class: ClassName=Power_board_1 Member=Component C35 10uF
Added Member To Class: ClassName=Power_board_2 Member=Component MotorShield3 Pololu G2 18v17
