Removed Pin From Net: NetName=NetD1_1 Pin=F1-1
Removed Pin From Net: NetName=V12a Pin=U4-2
Removed Pin From Net: NetName=V12a Pin=U4-3
Removed Pin From Net: NetName=V12a Pin=U5-2
Removed Pin From Net: NetName=V12a Pin=U5-3
Change Component Footprint: Designator=D1 Old Footprint=DIOAD4425W130L885D885 New Footprint=DIOAD1413W86L463D238
Change Component Comment : Designator=D1 Old Comment=10A10-T New Comment=1N4004
Change component parameters: Designator = "D1" ("D1"); Footprint = "DIOAD4425W130L885D885"; UniqueID = "\FKCGRBVR" ("\FKCGRBVR")
Change component parameters (AddParameter): Name = "Arrow Part Number"; Value = "1N4004"; VariantName = "[No Variations]"
Change component parameters (AddParameter): Name = "Arrow Price/Stock"; Value = "https://www.arrow.com/en/products/1n4004/on-semiconductor"; VariantName = "[No Variations]"
Change component parameters (AddParameter): Name = "Datasheet Link"; Value = "https://datasheet.datasheetarchive.com/originals/distributors/Datasheets-24/DSA-461675.pdf"; VariantName = "[No Variations]"
Change component parameters (AddParameter): Name = "Manufacturer_Name"; Value = "onsemi"; VariantName = "[No Variations]"
Change component parameters (AddParameter): Name = "Manufacturer_Part_Number"; Value = "1N4004"; VariantName = "[No Variations]"
Change component parameters (AddParameter): Name = "Mouser Part Number"; Value = "863-1N4004"; VariantName = "[No Variations]"
Change component parameters (AddParameter): Name = "Mouser Price/Stock"; Value = "http://www.mouser.com/Search/ProductDetail.aspx?qs=y2kkmE52mdNwTMdxP3IlZA%3d%3d"; VariantName = "[No Variations]"
Change component parameters (AddParameter): Name = "Mouser Testing Part Number"; Value = ""; VariantName = "[No Variations]"
Change component parameters (AddParameter): Name = "Mouser Testing Price/Stock"; Value = ""; VariantName = "[No Variations]"
Added Component: Designator=D2(DIOAD1413W86L463D238)
Add component (AddParameter): Name = "Arrow Part Number"; Value = "1N4004"; VariantName = "[No Variations]"
Add component (AddParameter): Name = "Arrow Price/Stock"; Value = "https://www.arrow.com/en/products/1n4004/on-semiconductor"; VariantName = "[No Variations]"
Add component (AddParameter): Name = "Datasheet Link"; Value = "https://datasheet.datasheetarchive.com/originals/distributors/Datasheets-24/DSA-461675.pdf"; VariantName = "[No Variations]"
Add component (AddParameter): Name = "Manufacturer_Name"; Value = "onsemi"; VariantName = "[No Variations]"
Add component (AddParameter): Name = "Manufacturer_Part_Number"; Value = "1N4004"; VariantName = "[No Variations]"
Add component (AddParameter): Name = "Mouser Part Number"; Value = "863-1N4004"; VariantName = "[No Variations]"
Add component (AddParameter): Name = "Mouser Price/Stock"; Value = "http://www.mouser.com/Search/ProductDetail.aspx?qs=y2kkmE52mdNwTMdxP3IlZA%3d%3d"; VariantName = "[No Variations]"
Add component (AddParameter): Name = "Mouser Testing Part Number"; Value = ""; VariantName = "[No Variations]"
Add component (AddParameter): Name = "Mouser Testing Price/Stock"; Value = ""; VariantName = "[No Variations]"
Added Pin To Net: NetName=V12a Pin=D2-2
Added Pin To Net: NetName=V12a Pin=F1-1
Added Pin To Net: NetName=NetD1_1 Pin=U4-2
Added Pin To Net: NetName=NetD1_1 Pin=U4-3
Added Pin To Net: NetName=NetD2_1 Pin=D2-1
Added Pin To Net: NetName=NetD2_1 Pin=U5-2
Added Pin To Net: NetName=NetD2_1 Pin=U5-3
Added Net: Name=NetD2_1
Added Member To Class: ClassName=Power_board_1 Member=Component D2 1N4004
Added Member To Class: ClassName=Power_board_1 Member=Component P24 1744428-2
