Removed Pin From Net: NetName=V12a Pin=F1-1
Removed Pin From Net: NetName=V12a Pin=P21-1
Removed Pin From Net: NetName=V12a Pin=R26-1
Added Component: Designator=D1(DIOAD4425W130L885D885)
Add component (AddParameter): Name = "Arrow Part Number"; Value = "10A10-T"; VariantName = "[No Variations]"
Add component (AddParameter): Name = "Arrow Price/Stock"; Value = "https://www.arrow.com/en/products/10a10-t/rectron?region=nac"; VariantName = "[No Variations]"
Add component (AddParameter): Name = "Datasheet Link"; Value = "https://mouser.componentsearchengine.com/Datasheets/1/10A10-T.pdf"; VariantName = "[No Variations]"
Add component (AddParameter): Name = "Manufacturer_Name"; Value = "Rectron"; VariantName = "[No Variations]"
Add component (AddParameter): Name = "Manufacturer_Part_Number"; Value = "10A10-T"; VariantName = "[No Variations]"
Add component (AddParameter): Name = "Mouser Part Number"; Value = "583-10A10"; VariantName = "[No Variations]"
Add component (AddParameter): Name = "Mouser Price/Stock"; Value = "https://www.mouser.co.uk/ProductDetail/Rectron/10A10-T?qs=%252BtLcN0raKGV1HP7oOwMisg%3D%3D"; VariantName = "[No Variations]"
Add component (AddParameter): Name = "Mouser Testing Part Number"; Value = ""; VariantName = "[No Variations]"
Add component (AddParameter): Name = "Mouser Testing Price/Stock"; Value = ""; VariantName = "[No Variations]"
Added Component: Designator=D2(DIOAD4425W130L885D885)
Add component (AddParameter): Name = "Arrow Part Number"; Value = "10A10-T"; VariantName = "[No Variations]"
Add component (AddParameter): Name = "Arrow Price/Stock"; Value = "https://www.arrow.com/en/products/10a10-t/rectron?region=nac"; VariantName = "[No Variations]"
Add component (AddParameter): Name = "Datasheet Link"; Value = "https://mouser.componentsearchengine.com/Datasheets/1/10A10-T.pdf"; VariantName = "[No Variations]"
Add component (AddParameter): Name = "Manufacturer_Name"; Value = "Rectron"; VariantName = "[No Variations]"
Add component (AddParameter): Name = "Manufacturer_Part_Number"; Value = "10A10-T"; VariantName = "[No Variations]"
Add component (AddParameter): Name = "Mouser Part Number"; Value = "583-10A10"; VariantName = "[No Variations]"
Add component (AddParameter): Name = "Mouser Price/Stock"; Value = "https://www.mouser.co.uk/ProductDetail/Rectron/10A10-T?qs=%252BtLcN0raKGV1HP7oOwMisg%3D%3D"; VariantName = "[No Variations]"
Add component (AddParameter): Name = "Mouser Testing Part Number"; Value = ""; VariantName = "[No Variations]"
Add component (AddParameter): Name = "Mouser Testing Price/Stock"; Value = ""; VariantName = "[No Variations]"
Added Pin To Net: NetName=V12a Pin=D1-1
Change Net Name : Old Net Name=V12b New Net Name=NetF1_2
Added Pin To Net: NetName=NetD2_1 Pin=D2-1
Added Pin To Net: NetName=NetD2_1 Pin=F1-1
Added Net: Name=NetD2_1
Added Pin To Net: NetName=VIN12 Pin=D1-2
Added Pin To Net: NetName=VIN12 Pin=D2-2
Added Pin To Net: NetName=VIN12 Pin=P21-1
Added Pin To Net: NetName=VIN12 Pin=R26-1
Added Net: Name=VIN12
Added Member To Class: ClassName=Power_board_1 Member=Component D1 10A10-T
Added Member To Class: ClassName=Power_board_1 Member=Component D2 10A10-T
